#
# There is insufficient memory for the Java Runtime Environment to continue.
# Native memory allocation (mmap) failed to map 65536 bytes for Failed to commit metaspace.
# Possible reasons:
#   The system is out of physical RAM or swap space
#   The process is running with CompressedOops enabled, and the Java Heap may be blocking the growth of the native heap
# Possible solutions:
#   Reduce memory load on the system
#   Increase physical memory or swap space
#   Check if swap backing store is full
#   Decrease Java heap size (-Xmx/-Xms)
#   Decrease number of Java threads
#   Decrease Java thread stack sizes (-Xss)
#   Set larger code cache with -XX:ReservedCodeCacheSize=
#   JVM is running with Unscaled Compressed Oops mode in which the Java heap is
#     placed in the first 4GB address space. The Java Heap base address is the
#     maximum limit for the native heap growth. Please use -XX:HeapBaseMinAddress
#     to set the Java Heap base and to place the Java Heap above 4GB virtual address.
# This output file may be truncated or incomplete.
#
#  Out of Memory Error (virtualSpaceNode.cpp:110), pid=14728, tid=17268
#
# JRE version: OpenJDK Runtime Environment Temurin-17.0.7+7 (17.0.7+7) (build 17.0.7+7)
# Java VM: OpenJDK 64-Bit Server VM Temurin-17.0.7+7 (17.0.7+7, mixed mode, sharing, tiered, compressed oops, compressed class ptrs, g1 gc, windows-amd64)
# No core dump will be written. Minidumps are not enabled by default on client versions of Windows
#

---------------  S U M M A R Y ------------

Command Line: -Xmx64m -Xms64m -Dorg.gradle.appname=gradlew org.gradle.wrapper.GradleWrapperMain tasks

Host: Intel(R) Pentium(R) CPU G2010 @ 2.80GHz, 2 cores, 3G,  Windows 10 , 64 bit Build 19041 (10.0.19041.3393)
Time: Sat Oct  7 16:15:15 2023 India Standard Time elapsed time: 346.015088 seconds (0d 0h 5m 46s)

---------------  T H R E A D  ---------------

Current thread (0x000002827c391fd0):  JavaThread "Exec process" [_thread_in_vm, id=17268, stack(0x000000c62b400000,0x000000c62b500000)]

Stack: [0x000000c62b400000,0x000000c62b500000]
Native frames: (J=compiled Java code, j=interpreted, Vv=VM code, C=native code)
V  [jvm.dll+0x67754a]
V  [jvm.dll+0x834304]
V  [jvm.dll+0x835aae]
V  [jvm.dll+0x836113]
V  [jvm.dll+0x24696f]
V  [jvm.dll+0x83039b]
V  [jvm.dll+0x61c006]
V  [jvm.dll+0x61c06a]
V  [jvm.dll+0x61e89a]
V  [jvm.dll+0x61c9a6]
V  [jvm.dll+0x1e9a17]
V  [jvm.dll+0x1ec32b]
V  [jvm.dll+0x1e1891]
V  [jvm.dll+0x53ea50]
V  [jvm.dll+0x1f2067]
V  [jvm.dll+0x7af05b]
V  [jvm.dll+0x7b0402]
V  [jvm.dll+0x7b0738]
V  [jvm.dll+0x23ec6e]
V  [jvm.dll+0x380a4e]
C  0x000002820754b28b

Java frames: (J=compiled Java code, j=interpreted, Vv=VM code)
j  java.util.regex.Matcher.toMatchResult(Ljava/lang/String;)Ljava/util/regex/MatchResult;+0 java.base@17.0.7
j  java.util.regex.Matcher.toMatchResult()Ljava/util/regex/MatchResult;+10 java.base@17.0.7
j  java.util.Scanner.match()Ljava/util/regex/MatchResult;+22 java.base@17.0.7
j  java.util.Scanner.nextLine()Ljava/lang/String;+54 java.base@17.0.7
j  org.gradle.launcher.daemon.bootstrap.DaemonOutputConsumer.start()V+64
j  org.gradle.process.internal.DefaultExecHandle$CompositeStreamsHandler.start()V+19
j  org.gradle.process.internal.ExecHandleRunner.run()V+25
j  org.gradle.internal.operations.CurrentBuildOperationPreservingRunnable.run()V+11
j  org.gradle.internal.concurrent.ExecutorPolicy$CatchAndRecordFailures.onExecute(Ljava/lang/Runnable;)V+1
j  org.gradle.internal.concurrent.ManagedExecutorImpl$1.run()V+25
j  java.util.concurrent.ThreadPoolExecutor.runWorker(Ljava/util/concurrent/ThreadPoolExecutor$Worker;)V+92 java.base@17.0.7
j  java.util.concurrent.ThreadPoolExecutor$Worker.run()V+5 java.base@17.0.7
j  java.lang.Thread.run()V+11 java.base@17.0.7
v  ~StubRoutines::call_stub

---------------  P R O C E S S  ---------------

Threads class SMR info:
_java_thread_list=0x000002827c807290, length=15, elements={
0x000002826d7fde60, 0x000002826d8c8f10, 0x000002826d8c9d80, 0x00000282774ede50,
0x00000282774eea00, 0x00000282774ef5b0, 0x00000282774f2f80, 0x00000282774f4c30,
0x000002827755b090, 0x00000282775605d0, 0x00000282775b98e0, 0x00000282775c0870,
0x00000282775e4650, 0x000002827c391fd0, 0x0000028277a0eb40
}
_to_delete_list=0x000002827c8067b0
Skipping _to_delete_list fields and contents for safety.

Java Threads: ( => current thread )
  0x000002826d7fde60 JavaThread "main" [_thread_blocked, id=15276, stack(0x000000c629e00000,0x000000c629f00000)]
  0x000002826d8c8f10 JavaThread "Reference Handler" daemon [_thread_blocked, id=10728, stack(0x000000c62a500000,0x000000c62a600000)]
  0x000002826d8c9d80 JavaThread "Finalizer" daemon [_thread_blocked, id=244, stack(0x000000c62a600000,0x000000c62a700000)]
  0x00000282774ede50 JavaThread "Signal Dispatcher" daemon [_thread_blocked, id=16188, stack(0x000000c62a700000,0x000000c62a800000)]
  0x00000282774eea00 JavaThread "Attach Listener" daemon [_thread_blocked, id=6840, stack(0x000000c62a800000,0x000000c62a900000)]
  0x00000282774ef5b0 JavaThread "Service Thread" daemon [_thread_blocked, id=13416, stack(0x000000c62a900000,0x000000c62aa00000)]
  0x00000282774f2f80 JavaThread "Monitor Deflation Thread" daemon [_thread_blocked, id=13516, stack(0x000000c62aa00000,0x000000c62ab00000)]
  0x00000282774f4c30 JavaThread "C2 CompilerThread0" daemon [_thread_blocked, id=5800, stack(0x000000c62ab00000,0x000000c62ac00000)]
  0x000002827755b090 JavaThread "C1 CompilerThread0" daemon [_thread_blocked, id=14472, stack(0x000000c62ac00000,0x000000c62ad00000)]
  0x00000282775605d0 JavaThread "Sweeper thread" daemon [_thread_blocked, id=13588, stack(0x000000c62ad00000,0x000000c62ae00000)]
  0x00000282775b98e0 JavaThread "Notification Thread" daemon [_thread_blocked, id=10520, stack(0x000000c62ae00000,0x000000c62af00000)]
  0x00000282775c0870 JavaThread "Common-Cleaner" daemon [_thread_blocked, id=4360, stack(0x000000c62b000000,0x000000c62b100000)]
  0x00000282775e4650 JavaThread "pool-1-thread-1" [_thread_blocked, id=9960, stack(0x000000c629c00000,0x000000c629d00000)]
=>0x000002827c391fd0 JavaThread "Exec process" [_thread_in_vm, id=17268, stack(0x000000c62b400000,0x000000c62b500000)]
  0x0000028277a0eb40 JavaThread "Exec process Thread 2" [_thread_blocked, id=17332, stack(0x000000c62b600000,0x000000c62b700000)]

Other Threads:
  0x000002826d8c52c0 VMThread "VM Thread" [stack: 0x000000c62a400000,0x000000c62a500000] [id=14968] _threads_hazard_ptr=0x000002827c807290
  0x00000282775bc1d0 WatcherThread [stack: 0x000000c62af00000,0x000000c62b000000] [id=5268]
  0x000002826d81ffe0 GCTaskThread "GC Thread#0" [stack: 0x000000c629f00000,0x000000c62a000000] [id=10168]
  0x000002826b72dc60 GCTaskThread "GC Thread#1" [stack: 0x000000c629b00000,0x000000c629c00000] [id=18396]
  0x000002826d821720 ConcurrentGCThread "G1 Main Marker" [stack: 0x000000c62a000000,0x000000c62a100000] [id=15164]
  0x000002826d822130 ConcurrentGCThread "G1 Conc#0" [stack: 0x000000c62a100000,0x000000c62a200000] [id=7148]
  0x000002826d866160 ConcurrentGCThread "G1 Refine#0" [stack: 0x000000c62a200000,0x000000c62a300000] [id=9380]
  0x000002826d867b90 ConcurrentGCThread "G1 Service" [stack: 0x000000c62a300000,0x000000c62a400000] [id=16260]

Threads with active compile tasks:

VM state: synchronizing (normal execution)

VM Mutex/Monitor currently owned by a thread:  ([mutex/lock_event])
[0x000002826d7f8230] Metaspace_lock - owner thread: 0x000002827c391fd0
[0x000002826d7f8790] Threads_lock - owner thread: 0x000002826d8c52c0

Heap address: 0x00000000fc000000, size: 64 MB, Compressed Oops mode: 32-bit

CDS archive(s) mapped at: [0x0000000800000000-0x0000000800bc0000-0x0000000800bc0000), size 12320768, SharedBaseAddress: 0x0000000800000000, ArchiveRelocationMode: 0.
Compressed class space mapped at: 0x0000000801000000-0x0000000841000000, reserved size: 1073741824
Narrow klass base: 0x0000000800000000, Narrow klass shift: 0, Narrow klass range: 0x100000000

GC Precious Log:
 CPUs: 2 total, 2 available
 Memory: 3986M
 Large Page Support: Disabled
 NUMA Support: Disabled
 Compressed Oops: Enabled (32-bit)
 Heap Region Size: 1M
 Heap Min Capacity: 64M
 Heap Initial Capacity: 64M
 Heap Max Capacity: 64M
 Pre-touch: Disabled
 Parallel Workers: 2
 Concurrent Workers: 1
 Concurrent Refinement Workers: 2
 Periodic GC: Disabled

Heap:
 garbage-first heap   total 65536K, used 17695K [0x00000000fc000000, 0x0000000100000000)
  region size 1024K, 10 young (10240K), 3 survivors (3072K)
 Metaspace       used 9004K, committed 9216K, reserved 1114112K
  class space    used 1168K, committed 1280K, reserved 1048576K

Heap Regions: E=young(eden), S=young(survivor), O=old, HS=humongous(starts), HC=humongous(continues), CS=collection set, F=free, OA=open archive, CA=closed archive, TAMS=top-at-mark-start (previous, next)
|   0|0x00000000fc000000, 0x00000000fc100000, 0x00000000fc100000|100%| O|  |TAMS 0x00000000fc000000, 0x00000000fc000000| Untracked 
|   1|0x00000000fc100000, 0x00000000fc200000, 0x00000000fc200000|100%| O|  |TAMS 0x00000000fc100000, 0x00000000fc100000| Untracked 
|   2|0x00000000fc200000, 0x00000000fc300000, 0x00000000fc300000|100%|HS|  |TAMS 0x00000000fc200000, 0x00000000fc200000| Complete 
|   3|0x00000000fc300000, 0x00000000fc400000, 0x00000000fc400000|100%|HC|  |TAMS 0x00000000fc300000, 0x00000000fc300000| Complete 
|   4|0x00000000fc400000, 0x00000000fc500000, 0x00000000fc500000|100%|HC|  |TAMS 0x00000000fc400000, 0x00000000fc400000| Complete 
|   5|0x00000000fc500000, 0x00000000fc600000, 0x00000000fc600000|100%|HC|  |TAMS 0x00000000fc500000, 0x00000000fc500000| Complete 
|   6|0x00000000fc600000, 0x00000000fc700000, 0x00000000fc700000|100%| O|  |TAMS 0x00000000fc600000, 0x00000000fc600000| Untracked 
|   7|0x00000000fc700000, 0x00000000fc800000, 0x00000000fc800000|100%| O|  |TAMS 0x00000000fc700000, 0x00000000fc700000| Untracked 
|   8|0x00000000fc800000, 0x00000000fc900000, 0x00000000fc900000|100%| O|  |TAMS 0x00000000fc800000, 0x00000000fc800000| Untracked 
|   9|0x00000000fc900000, 0x00000000fca00000, 0x00000000fca00000|100%| O|  |TAMS 0x00000000fc900000, 0x00000000fc900000| Untracked 
|  10|0x00000000fca00000, 0x00000000fca26000, 0x00000000fcb00000| 14%| O|  |TAMS 0x00000000fca00000, 0x00000000fca00000| Untracked 
|  11|0x00000000fcb00000, 0x00000000fcb00000, 0x00000000fcc00000|  0%| F|  |TAMS 0x00000000fcb00000, 0x00000000fcb00000| Untracked 
|  12|0x00000000fcc00000, 0x00000000fcc00000, 0x00000000fcd00000|  0%| F|  |TAMS 0x00000000fcc00000, 0x00000000fcc00000| Untracked 
|  13|0x00000000fcd00000, 0x00000000fcd00000, 0x00000000fce00000|  0%| F|  |TAMS 0x00000000fcd00000, 0x00000000fcd00000| Untracked 
|  14|0x00000000fce00000, 0x00000000fce00000, 0x00000000fcf00000|  0%| F|  |TAMS 0x00000000fce00000, 0x00000000fce00000| Untracked 
|  15|0x00000000fcf00000, 0x00000000fcf00000, 0x00000000fd000000|  0%| F|  |TAMS 0x00000000fcf00000, 0x00000000fcf00000| Untracked 
|  16|0x00000000fd000000, 0x00000000fd000000, 0x00000000fd100000|  0%| F|  |TAMS 0x00000000fd000000, 0x00000000fd000000| Untracked 
|  17|0x00000000fd100000, 0x00000000fd100000, 0x00000000fd200000|  0%| F|  |TAMS 0x00000000fd100000, 0x00000000fd100000| Untracked 
|  18|0x00000000fd200000, 0x00000000fd200000, 0x00000000fd300000|  0%| F|  |TAMS 0x00000000fd200000, 0x00000000fd200000| Untracked 
|  19|0x00000000fd300000, 0x00000000fd300000, 0x00000000fd400000|  0%| F|  |TAMS 0x00000000fd300000, 0x00000000fd300000| Untracked 
|  20|0x00000000fd400000, 0x00000000fd400000, 0x00000000fd500000|  0%| F|  |TAMS 0x00000000fd400000, 0x00000000fd400000| Untracked 
|  21|0x00000000fd500000, 0x00000000fd500000, 0x00000000fd600000|  0%| F|  |TAMS 0x00000000fd500000, 0x00000000fd500000| Untracked 
|  22|0x00000000fd600000, 0x00000000fd600000, 0x00000000fd700000|  0%| F|  |TAMS 0x00000000fd600000, 0x00000000fd600000| Untracked 
|  23|0x00000000fd700000, 0x00000000fd700000, 0x00000000fd800000|  0%| F|  |TAMS 0x00000000fd700000, 0x00000000fd700000| Untracked 
|  24|0x00000000fd800000, 0x00000000fd800000, 0x00000000fd900000|  0%| F|  |TAMS 0x00000000fd800000, 0x00000000fd800000| Untracked 
|  25|0x00000000fd900000, 0x00000000fd900000, 0x00000000fda00000|  0%| F|  |TAMS 0x00000000fd900000, 0x00000000fd900000| Untracked 
|  26|0x00000000fda00000, 0x00000000fda00000, 0x00000000fdb00000|  0%| F|  |TAMS 0x00000000fda00000, 0x00000000fda00000| Untracked 
|  27|0x00000000fdb00000, 0x00000000fdb00000, 0x00000000fdc00000|  0%| F|  |TAMS 0x00000000fdb00000, 0x00000000fdb00000| Untracked 
|  28|0x00000000fdc00000, 0x00000000fdc00000, 0x00000000fdd00000|  0%| F|  |TAMS 0x00000000fdc00000, 0x00000000fdc00000| Untracked 
|  29|0x00000000fdd00000, 0x00000000fdd00000, 0x00000000fde00000|  0%| F|  |TAMS 0x00000000fdd00000, 0x00000000fdd00000| Untracked 
|  30|0x00000000fde00000, 0x00000000fde00000, 0x00000000fdf00000|  0%| F|  |TAMS 0x00000000fde00000, 0x00000000fde00000| Untracked 
|  31|0x00000000fdf00000, 0x00000000fdf00000, 0x00000000fe000000|  0%| F|  |TAMS 0x00000000fdf00000, 0x00000000fdf00000| Untracked 
|  32|0x00000000fe000000, 0x00000000fe000000, 0x00000000fe100000|  0%| F|  |TAMS 0x00000000fe000000, 0x00000000fe000000| Untracked 
|  33|0x00000000fe100000, 0x00000000fe100000, 0x00000000fe200000|  0%| F|  |TAMS 0x00000000fe100000, 0x00000000fe100000| Untracked 
|  34|0x00000000fe200000, 0x00000000fe200000, 0x00000000fe300000|  0%| F|  |TAMS 0x00000000fe200000, 0x00000000fe200000| Untracked 
|  35|0x00000000fe300000, 0x00000000fe300000, 0x00000000fe400000|  0%| F|  |TAMS 0x00000000fe300000, 0x00000000fe300000| Untracked 
|  36|0x00000000fe400000, 0x00000000fe400000, 0x00000000fe500000|  0%| F|  |TAMS 0x00000000fe400000, 0x00000000fe400000| Untracked 
|  37|0x00000000fe500000, 0x00000000fe500000, 0x00000000fe600000|  0%| F|  |TAMS 0x00000000fe500000, 0x00000000fe500000| Untracked 
|  38|0x00000000fe600000, 0x00000000fe600000, 0x00000000fe700000|  0%| F|  |TAMS 0x00000000fe600000, 0x00000000fe600000| Untracked 
|  39|0x00000000fe700000, 0x00000000fe700000, 0x00000000fe800000|  0%| F|  |TAMS 0x00000000fe700000, 0x00000000fe700000| Untracked 
|  40|0x00000000fe800000, 0x00000000fe800000, 0x00000000fe900000|  0%| F|  |TAMS 0x00000000fe800000, 0x00000000fe800000| Untracked 
|  41|0x00000000fe900000, 0x00000000fe900000, 0x00000000fea00000|  0%| F|  |TAMS 0x00000000fe900000, 0x00000000fe900000| Untracked 
|  42|0x00000000fea00000, 0x00000000fea00000, 0x00000000feb00000|  0%| F|  |TAMS 0x00000000fea00000, 0x00000000fea00000| Untracked 
|  43|0x00000000feb00000, 0x00000000feb00000, 0x00000000fec00000|  0%| F|  |TAMS 0x00000000feb00000, 0x00000000feb00000| Untracked 
|  44|0x00000000fec00000, 0x00000000fec21ed0, 0x00000000fed00000| 13%| S|CS|TAMS 0x00000000fec00000, 0x00000000fec00000| Complete 
|  45|0x00000000fed00000, 0x00000000fee00000, 0x00000000fee00000|100%| S|CS|TAMS 0x00000000fed00000, 0x00000000fed00000| Complete 
|  46|0x00000000fee00000, 0x00000000fef00000, 0x00000000fef00000|100%| S|CS|TAMS 0x00000000fee00000, 0x00000000fee00000| Complete 
|  47|0x00000000fef00000, 0x00000000fef00000, 0x00000000ff000000|  0%| F|  |TAMS 0x00000000fef00000, 0x00000000fef00000| Untracked 
|  48|0x00000000ff000000, 0x00000000ff000000, 0x00000000ff100000|  0%| F|  |TAMS 0x00000000ff000000, 0x00000000ff000000| Untracked 
|  49|0x00000000ff100000, 0x00000000ff100000, 0x00000000ff200000|  0%| F|  |TAMS 0x00000000ff100000, 0x00000000ff100000| Untracked 
|  50|0x00000000ff200000, 0x00000000ff200000, 0x00000000ff300000|  0%| F|  |TAMS 0x00000000ff200000, 0x00000000ff200000| Untracked 
|  51|0x00000000ff300000, 0x00000000ff300000, 0x00000000ff400000|  0%| F|  |TAMS 0x00000000ff300000, 0x00000000ff300000| Untracked 
|  52|0x00000000ff400000, 0x00000000ff400000, 0x00000000ff500000|  0%| F|  |TAMS 0x00000000ff400000, 0x00000000ff400000| Untracked 
|  53|0x00000000ff500000, 0x00000000ff500000, 0x00000000ff600000|  0%| F|  |TAMS 0x00000000ff500000, 0x00000000ff500000| Untracked 
|  54|0x00000000ff600000, 0x00000000ff600000, 0x00000000ff700000|  0%| F|  |TAMS 0x00000000ff600000, 0x00000000ff600000| Untracked 
|  55|0x00000000ff700000, 0x00000000ff700000, 0x00000000ff800000|  0%| F|  |TAMS 0x00000000ff700000, 0x00000000ff700000| Untracked 
|  56|0x00000000ff800000, 0x00000000ff800000, 0x00000000ff900000|  0%| F|  |TAMS 0x00000000ff800000, 0x00000000ff800000| Untracked 
|  57|0x00000000ff900000, 0x00000000ff943d10, 0x00000000ffa00000| 26%| E|  |TAMS 0x00000000ff900000, 0x00000000ff900000| Complete 
|  58|0x00000000ffa00000, 0x00000000ffb00000, 0x00000000ffb00000|100%| E|CS|TAMS 0x00000000ffa00000, 0x00000000ffa00000| Complete 
|  59|0x00000000ffb00000, 0x00000000ffc00000, 0x00000000ffc00000|100%| E|CS|TAMS 0x00000000ffb00000, 0x00000000ffb00000| Complete 
|  60|0x00000000ffc00000, 0x00000000ffd00000, 0x00000000ffd00000|100%| E|  |TAMS 0x00000000ffc00000, 0x00000000ffc00000| Complete 
|  61|0x00000000ffd00000, 0x00000000ffe00000, 0x00000000ffe00000|100%| E|CS|TAMS 0x00000000ffd00000, 0x00000000ffd00000| Complete 
|  62|0x00000000ffe00000, 0x00000000fff00000, 0x00000000fff00000|100%| E|CS|TAMS 0x00000000ffe00000, 0x00000000ffe00000| Complete 
|  63|0x00000000fff00000, 0x0000000100000000, 0x0000000100000000|100%| E|CS|TAMS 0x00000000fff00000, 0x00000000fff00000| Complete 

Card table byte_map: [0x000002826d3d0000,0x000002826d3f0000] _byte_map_base: 0x000002826cbf0000

Marking Bits (Prev, Next): (CMBitMap*) 0x000002826d8205f0, (CMBitMap*) 0x000002826d820630
 Prev Bits: [0x000002826d410000, 0x000002826d510000)
 Next Bits: [0x000002826d510000, 0x000002826d610000)

Polling page: 0x000002826b6d0000

Metaspace:

Usage:
  Non-class:      7.65 MB used.
      Class:      1.14 MB used.
       Both:      8.79 MB used.

Virtual space:
  Non-class space:       64.00 MB reserved,       7.75 MB ( 12%) committed,  1 nodes.
      Class space:        1.00 GB reserved,       1.25 MB ( <1%) committed,  1 nodes.
             Both:        1.06 GB reserved,       9.00 MB ( <1%) committed. 

Chunk freelists:
   Non-Class:  8.16 MB
       Class:  14.65 MB
        Both:  22.81 MB

MaxMetaspaceSize: unlimited
CompressedClassSpaceSize: 1.00 GB
Initial GC threshold: 21.00 MB
Current GC threshold: 21.00 MB
CDS: on
MetaspaceReclaimPolicy: balanced
 - commit_granule_bytes: 65536.
 - commit_granule_words: 8192.
 - virtual_space_node_default_size: 8388608.
 - enlarge_chunks_in_place: 1.
 - new_chunks_are_fully_committed: 0.
 - uncommit_free_chunks: 1.
 - use_allocation_guard: 0.
 - handle_deallocations: 1.


Internal statistics:

num_allocs_failed_limit: 0.
num_arena_births: 86.
num_arena_deaths: 0.
num_vsnodes_births: 2.
num_vsnodes_deaths: 0.
num_space_committed: 144.
num_space_uncommitted: 0.
num_chunks_returned_to_freelist: 0.
num_chunks_taken_from_freelist: 307.
num_chunk_merges: 0.
num_chunk_splits: 211.
num_chunks_enlarged: 179.
num_inconsistent_stats: 0.

CodeHeap 'non-profiled nmethods': size=120064Kb used=571Kb max_used=571Kb free=119492Kb
 bounds [0x0000028207ac0000, 0x0000028207d30000, 0x000002820f000000]
CodeHeap 'profiled nmethods': size=120000Kb used=3006Kb max_used=3006Kb free=116993Kb
 bounds [0x0000028200000000, 0x00000282002f0000, 0x0000028207530000]
CodeHeap 'non-nmethods': size=5696Kb used=1171Kb max_used=1185Kb free=4524Kb
 bounds [0x0000028207530000, 0x00000282077a0000, 0x0000028207ac0000]
 total_blobs=1983 nmethods=1511 adapters=386
 compilation: enabled
              stopped_count=0, restarted_count=0
 full_count=0

Compilation events (20 events):
Event: 337.347 Thread 0x000002827755b090 nmethod 1507 0x00000282002e8890 code [0x00000282002e8ac0, 0x00000282002e91c8]
Event: 337.347 Thread 0x000002827755b090 1508       3       java.lang.invoke.LambdaForm::parameterType (9 bytes)
Event: 337.347 Thread 0x000002827755b090 nmethod 1508 0x00000282002e9510 code [0x00000282002e96c0, 0x00000282002e9808]
Event: 337.384 Thread 0x00000282774f4c30 1509       4       java.util.StringTokenizer::skipDelimiters (116 bytes)
Event: 337.388 Thread 0x00000282774f4c30 nmethod 1509 0x0000028207b4e010 code [0x0000028207b4e1a0, 0x0000028207b4e448]
Event: 337.395 Thread 0x000002827755b090 1510       3       java.lang.Class::descriptorString (170 bytes)
Event: 337.397 Thread 0x000002827755b090 nmethod 1510 0x00000282002e9910 code [0x00000282002e9de0, 0x00000282002eb9f8]
Event: 337.409 Thread 0x000002827755b090 1511       3       java.lang.invoke.MethodType::insertParameterTypes (121 bytes)
Event: 337.410 Thread 0x000002827755b090 nmethod 1511 0x00000282002ec390 code [0x00000282002ec660, 0x00000282002ed448]
Event: 337.410 Thread 0x000002827755b090 1512       3       java.util.ImmutableCollections$ListN::size (6 bytes)
Event: 337.411 Thread 0x000002827755b090 nmethod 1512 0x00000282002ed990 code [0x00000282002edb20, 0x00000282002edc38]
Event: 338.951 Thread 0x000002827755b090 1513       3       java.lang.StringUTF16::getChar (60 bytes)
Event: 338.951 Thread 0x000002827755b090 nmethod 1513 0x00000282002edd10 code [0x00000282002edea0, 0x00000282002ee018]
Event: 338.952 Thread 0x00000282774f4c30 1514       4       java.lang.StringUTF16::getChar (60 bytes)
Event: 338.952 Thread 0x00000282774f4c30 nmethod 1514 0x0000028207b4e710 code [0x0000028207b4e880, 0x0000028207b4e958]
Event: 345.240 Thread 0x000002827755b090 1515       3       java.util.regex.Matcher::getTextLength (10 bytes)
Event: 345.240 Thread 0x000002827755b090 nmethod 1515 0x00000282002ee110 code [0x00000282002ee2c0, 0x00000282002ee488]
Event: 345.241 Thread 0x000002827755b090 1516       3       java.nio.CharBuffer::charAt (16 bytes)
Event: 345.241 Thread 0x000002827755b090 nmethod 1516 0x00000282002ee590 code [0x00000282002ee760, 0x00000282002eeb88]
Event: 345.241 Thread 0x000002827755b090 1517       3       java.nio.Buffer::checkIndex (24 bytes)

GC Heap History (8 events):
Event: 87.823 GC heap before
{Heap before GC invocations=0 (full 0):
 garbage-first heap   total 65536K, used 5120K [0x00000000fc000000, 0x0000000100000000)
  region size 1024K, 6 young (6144K), 0 survivors (0K)
 Metaspace       used 1628K, committed 1728K, reserved 1114112K
  class space    used 155K, committed 192K, reserved 1048576K
}
Event: 93.267 GC heap after
{Heap after GC invocations=1 (full 0):
 garbage-first heap   total 65536K, used 1591K [0x00000000fc000000, 0x0000000100000000)
  region size 1024K, 1 young (1024K), 1 survivors (1024K)
 Metaspace       used 1628K, committed 1728K, reserved 1114112K
  class space    used 155K, committed 192K, reserved 1048576K
}
Event: 116.182 GC heap before
{Heap before GC invocations=1 (full 0):
 garbage-first heap   total 65536K, used 5687K [0x00000000fc000000, 0x0000000100000000)
  region size 1024K, 5 young (5120K), 1 survivors (1024K)
 Metaspace       used 1669K, committed 1728K, reserved 1114112K
  class space    used 155K, committed 192K, reserved 1048576K
}
Event: 116.184 GC heap after
{Heap after GC invocations=2 (full 0):
 garbage-first heap   total 65536K, used 1927K [0x00000000fc000000, 0x0000000100000000)
  region size 1024K, 1 young (1024K), 1 survivors (1024K)
 Metaspace       used 1669K, committed 1728K, reserved 1114112K
  class space    used 155K, committed 192K, reserved 1048576K
}
Event: 195.487 GC heap before
{Heap before GC invocations=2 (full 0):
 garbage-first heap   total 65536K, used 16263K [0x00000000fc000000, 0x0000000100000000)
  region size 1024K, 12 young (12288K), 1 survivors (1024K)
 Metaspace       used 3490K, committed 3648K, reserved 1114112K
  class space    used 424K, committed 512K, reserved 1048576K
}
Event: 195.553 GC heap after
{Heap after GC invocations=3 (full 0):
 garbage-first heap   total 65536K, used 10672K [0x00000000fc000000, 0x0000000100000000)
  region size 1024K, 2 young (2048K), 2 survivors (2048K)
 Metaspace       used 3490K, committed 3648K, reserved 1114112K
  class space    used 424K, committed 512K, reserved 1048576K
}
Event: 331.375 GC heap before
{Heap before GC invocations=3 (full 0):
 garbage-first heap   total 65536K, used 26032K [0x00000000fc000000, 0x0000000100000000)
  region size 1024K, 17 young (17408K), 2 survivors (2048K)
 Metaspace       used 8191K, committed 8384K, reserved 1114112K
  class space    used 1094K, committed 1152K, reserved 1048576K
}
Event: 331.402 GC heap after
{Heap after GC invocations=4 (full 0):
 garbage-first heap   total 65536K, used 12575K [0x00000000fc000000, 0x0000000100000000)
  region size 1024K, 3 young (3072K), 3 survivors (3072K)
 Metaspace       used 8191K, committed 8384K, reserved 1114112K
  class space    used 1094K, committed 1152K, reserved 1048576K
}

Dll operation events (11 events):
Event: 0.026 Loaded shared library C:\Users\pc\AppData\Local\Programs\Eclipse Adoptium\jdk-17.0.7.7-hotspot\bin\java.dll
Event: 2.320 Loaded shared library C:\Users\pc\AppData\Local\Programs\Eclipse Adoptium\jdk-17.0.7.7-hotspot\bin\jsvml.dll
Event: 11.389 Loaded shared library C:\Users\pc\AppData\Local\Programs\Eclipse Adoptium\jdk-17.0.7.7-hotspot\bin\net.dll
Event: 11.600 Loaded shared library C:\Users\pc\AppData\Local\Programs\Eclipse Adoptium\jdk-17.0.7.7-hotspot\bin\nio.dll
Event: 14.182 Loaded shared library C:\Users\pc\AppData\Local\Programs\Eclipse Adoptium\jdk-17.0.7.7-hotspot\bin\zip.dll
Event: 116.240 Loaded shared library C:\Users\pc\AppData\Local\Programs\Eclipse Adoptium\jdk-17.0.7.7-hotspot\bin\jimage.dll
Event: 132.484 Loaded shared library C:\Users\pc\AppData\Local\Programs\Eclipse Adoptium\jdk-17.0.7.7-hotspot\bin\verify.dll
Event: 207.307 Loaded shared library C:\Users\pc\.gradle\native\68d5fa5c4cc2d200863cafc0d521ce42e7d3e7ee720ec0a83991735586a16f82\windows-amd64\native-platform.dll
Event: 266.216 Loaded shared library C:\Users\pc\AppData\Local\Programs\Eclipse Adoptium\jdk-17.0.7.7-hotspot\bin\management.dll
Event: 267.010 Loaded shared library C:\Users\pc\AppData\Local\Programs\Eclipse Adoptium\jdk-17.0.7.7-hotspot\bin\management_ext.dll
Event: 321.448 Loaded shared library C:\Users\pc\AppData\Local\Programs\Eclipse Adoptium\jdk-17.0.7.7-hotspot\bin\sunmscapi.dll

Deoptimization events (20 events):
Event: 332.232 Thread 0x000002826d7fde60 DEOPT PACKING pc=0x00000282000be609 sp=0x000000c629efc040
Event: 332.232 Thread 0x000002826d7fde60 DEOPT UNPACKING pc=0x0000028207587124 sp=0x000000c629efb538 mode 0
Event: 332.555 Thread 0x000002826d7fde60 DEOPT PACKING pc=0x000002820024f908 sp=0x000000c629efc2c0
Event: 332.555 Thread 0x000002826d7fde60 DEOPT UNPACKING pc=0x0000028207587124 sp=0x000000c629efb7c8 mode 0
Event: 337.412 Thread 0x000002827c391fd0 Uncommon trap: trap_request=0xffffff45 fr.pc=0x0000028207b1c5c8 relative=0x0000000000000048
Event: 337.412 Thread 0x000002827c391fd0 Uncommon trap: reason=unstable_if action=reinterpret pc=0x0000028207b1c5c8 method=java.lang.CharacterData.of(I)Ljava/lang/CharacterData; @ 4 c2
Event: 337.412 Thread 0x000002827c391fd0 DEOPT PACKING pc=0x0000028207b1c5c8 sp=0x000000c62b4fe810
Event: 337.412 Thread 0x000002827c391fd0 DEOPT UNPACKING pc=0x000002820758699d sp=0x000000c62b4fe7a8 mode 2
Event: 338.954 Thread 0x000002827c391fd0 Uncommon trap: trap_request=0xffffff45 fr.pc=0x0000028207b3d664 relative=0x00000000000004a4
Event: 338.954 Thread 0x000002827c391fd0 Uncommon trap: reason=unstable_if action=reinterpret pc=0x0000028207b3d664 method=java.lang.AbstractStringBuilder.putStringAt(ILjava/lang/String;II)V @ 8 c2
Event: 338.954 Thread 0x000002827c391fd0 DEOPT PACKING pc=0x0000028207b3d664 sp=0x000000c62b4ff0f0
Event: 338.954 Thread 0x000002827c391fd0 DEOPT UNPACKING pc=0x000002820758699d sp=0x000000c62b4fef78 mode 2
Event: 338.954 Thread 0x000002827c391fd0 Uncommon trap: trap_request=0xffffff45 fr.pc=0x0000028207b3bbdc relative=0x000000000000049c
Event: 338.954 Thread 0x000002827c391fd0 Uncommon trap: reason=unstable_if action=reinterpret pc=0x0000028207b3bbdc method=java.lang.AbstractStringBuilder.putStringAt(ILjava/lang/String;II)V @ 8 c2
Event: 338.954 Thread 0x000002827c391fd0 DEOPT PACKING pc=0x0000028207b3bbdc sp=0x000000c62b4ff080
Event: 338.954 Thread 0x000002827c391fd0 DEOPT UNPACKING pc=0x000002820758699d sp=0x000000c62b4fef70 mode 2
Event: 345.240 Thread 0x000002827c391fd0 Uncommon trap: trap_request=0xffffff45 fr.pc=0x0000028207acdf80 relative=0x0000000000000080
Event: 345.240 Thread 0x000002827c391fd0 Uncommon trap: reason=unstable_if action=reinterpret pc=0x0000028207acdf80 method=java.lang.String.codePointAt(I)I @ 4 c2
Event: 345.240 Thread 0x000002827c391fd0 DEOPT PACKING pc=0x0000028207acdf80 sp=0x000000c62b4ff090
Event: 345.240 Thread 0x000002827c391fd0 DEOPT UNPACKING pc=0x000002820758699d sp=0x000000c62b4ff028 mode 2

Classes unloaded (0 events):
No events

Classes redefined (0 events):
No events

Internal exceptions (20 events):
Event: 200.147 Thread 0x000002826d7fde60 Exception <a 'java/lang/NoSuchMethodError'{0x00000000fff73920}: 'java.lang.Object java.lang.invoke.DirectMethodHandle$Holder.invokeVirtual(java.lang.Object, java.lang.Object, java.lang.Object, java.lang.Object, java.lang.Object, java.lang.Object, java.lang.Object)'> (0x00000000fff73920) 
thrown [s\src\hotspot\share\interpreter\linkResolver.cpp, line 759]
Event: 200.156 Thread 0x000002826d7fde60 Exception <a 'java/lang/NoSuchMethodError'{0x00000000fff854b0}: 'java.lang.Object java.lang.invoke.Invokers$Holder.invoker(java.lang.Object, java.lang.Object, java.lang.Object)'> (0x00000000fff854b0) 
thrown [s\src\hotspot\share\interpreter\linkResolver.cpp, line 759]
Event: 200.163 Thread 0x000002826d7fde60 Exception <a 'java/lang/NoSuchMethodError'{0x00000000fff8e670}: 'java.lang.Object java.lang.invoke.DirectMethodHandle$Holder.invokeStatic(java.lang.Object, java.lang.Object, int)'> (0x00000000fff8e670) 
thrown [s\src\hotspot\share\interpreter\linkResolver.cpp, line 759]
Event: 200.168 Thread 0x000002826d7fde60 Exception <a 'java/lang/NoSuchMethodError'{0x00000000fffaa970}: 'void java.lang.invoke.DelegatingMethodHandle$Holder.delegate(java.lang.Object, java.lang.Object, int, java.lang.Object)'> (0x00000000fffaa970) 
thrown [s\src\hotspot\share\interpreter\linkResolver.cpp, line 759]
Event: 200.169 Thread 0x000002826d7fde60 Exception <a 'java/lang/NoSuchMethodError'{0x00000000fffaeab8}: 'int java.lang.invoke.DirectMethodHandle$Holder.invokeSpecial(java.lang.Object, java.lang.Object, java.lang.Object)'> (0x00000000fffaeab8) 
thrown [s\src\hotspot\share\interpreter\linkResolver.cpp, line 759]
Event: 200.177 Thread 0x000002826d7fde60 Exception <a 'java/lang/NoSuchMethodError'{0x00000000fffc1c00}: 'java.lang.Object java.lang.invoke.Invokers$Holder.invokeExact_MT(java.lang.Object, java.lang.Object, java.lang.Object, java.lang.Object)'> (0x00000000fffc1c00) 
thrown [s\src\hotspot\share\interpreter\linkResolver.cpp, line 759]
Event: 249.172 Thread 0x000002826d7fde60 Exception <a 'java/lang/NoSuchMethodError'{0x00000000ffbe2e78}: 'void java.lang.invoke.DirectMethodHandle$Holder.invokeSpecial(java.lang.Object, java.lang.Object, java.lang.Object)'> (0x00000000ffbe2e78) 
thrown [s\src\hotspot\share\interpreter\linkResolver.cpp, line 759]
Event: 249.197 Thread 0x000002826d7fde60 Implicit null exception at 0x0000028207b08093 to 0x0000028207b0849c
Event: 249.197 Thread 0x000002826d7fde60 Implicit null exception at 0x0000028207afb311 to 0x0000028207afb704
Event: 264.675 Thread 0x000002826d7fde60 Exception <a 'java/lang/NoSuchMethodError'{0x00000000ff980a80}: 'java.lang.Object java.lang.invoke.DirectMethodHandle$Holder.invokeStaticInit(java.lang.Object)'> (0x00000000ff980a80) 
thrown [s\src\hotspot\share\interpreter\linkResolver.cpp, line 759]
Event: 301.471 Thread 0x000002826d7fde60 Exception <a 'java/lang/NoSuchMethodError'{0x00000000ff592db8}: 'java.lang.Object java.lang.invoke.DirectMethodHandle$Holder.invokeStaticInit(java.lang.Object, int, int, int, int)'> (0x00000000ff592db8) 
thrown [s\src\hotspot\share\interpreter\linkResolver.cpp, line 759]
Event: 313.735 Thread 0x000002826d7fde60 Exception <a 'java/lang/NoSuchMethodError'{0x00000000ff5c4788}: 'java.lang.Object java.lang.invoke.DirectMethodHandle$Holder.invokeStaticInit(java.lang.Object, java.lang.Object, int, int, int, int)'> (0x00000000ff5c4788) 
thrown [s\src\hotspot\share\interpreter\linkResolver.cpp, line 759]
Event: 318.934 Thread 0x000002826d7fde60 Exception <a 'java/lang/NoSuchMethodError'{0x00000000ff5f2f30}: 'void java.lang.invoke.DirectMethodHandle$Holder.invokeStatic(java.lang.Object, java.lang.Object, java.lang.Object)'> (0x00000000ff5f2f30) 
thrown [s\src\hotspot\share\interpreter\linkResolver.cpp, line 759]
Event: 319.170 Thread 0x000002826d7fde60 Implicit null exception at 0x0000028207af6172 to 0x0000028207af6688
Event: 319.173 Thread 0x000002826d7fde60 Implicit null exception at 0x0000028207af6cf2 to 0x0000028207af721c
Event: 337.166 Thread 0x000002827c391fd0 Exception <a 'java/lang/NoSuchMethodError'{0x00000000ffa0dca8}: 'void java.lang.invoke.DirectMethodHandle$Holder.invokeStatic(java.lang.Object, long)'> (0x00000000ffa0dca8) 
thrown [s\src\hotspot\share\interpreter\linkResolver.cpp, line 759]
Event: 337.168 Thread 0x000002827c391fd0 Exception <a 'java/lang/NoSuchMethodError'{0x00000000ffa13358}: 'java.lang.Object java.lang.invoke.DirectMethodHandle$Holder.newInvokeSpecial(java.lang.Object, long)'> (0x00000000ffa13358) 
thrown [s\src\hotspot\share\interpreter\linkResolver.cpp, line 759]
Event: 337.336 Thread 0x000002827c391fd0 Exception <a 'java/lang/NoSuchMethodError'{0x00000000ffa1df80}: 'java.lang.Object java.lang.invoke.DirectMethodHandle$Holder.invokeStaticInit(java.lang.Object, java.lang.Object, long, java.lang.Object)'> (0x00000000ffa1df80) 
thrown [s\src\hotspot\share\interpreter\linkResolver.cpp, line 759]
Event: 337.345 Thread 0x000002827c391fd0 Exception <a 'java/lang/NoSuchMethodError'{0x00000000ffa24608}: 'java.lang.Object java.lang.invoke.DirectMethodHandle$Holder.newInvokeSpecial(java.lang.Object, java.lang.Object, long)'> (0x00000000ffa24608) 
thrown [s\src\hotspot\share\interpreter\linkResolver.cpp, line 759]
Event: 337.348 Thread 0x000002827c391fd0 Exception <a 'java/lang/NoSuchMethodError'{0x00000000ffa288f8}: 'java.lang.Object java.lang.invoke.Invokers$Holder.linkToTargetMethod(java.lang.Object, long, java.lang.Object)'> (0x00000000ffa288f8) 
thrown [s\src\hotspot\share\interpreter\linkResolver.cpp, line 759]

VM Operations (20 events):
Event: 324.483 Executing VM operation: Cleanup
Event: 329.599 Executing VM operation: Cleanup done
Event: 330.600 Executing VM operation: Cleanup
Event: 330.600 Executing VM operation: Cleanup done
Event: 331.375 Executing VM operation: G1CollectForAllocation
Event: 331.402 Executing VM operation: G1CollectForAllocation done
Event: 332.402 Executing VM operation: Cleanup
Event: 332.548 Executing VM operation: Cleanup done
Event: 333.019 Executing VM operation: HandshakeAllThreads
Event: 333.019 Executing VM operation: HandshakeAllThreads done
Event: 334.020 Executing VM operation: Cleanup
Event: 334.178 Executing VM operation: Cleanup done
Event: 337.201 Executing VM operation: Cleanup
Event: 337.332 Executing VM operation: Cleanup done
Event: 337.412 Executing VM operation: HandshakeAllThreads
Event: 338.950 Executing VM operation: HandshakeAllThreads done
Event: 338.950 Executing VM operation: Cleanup
Event: 338.950 Executing VM operation: Cleanup done
Event: 339.958 Executing VM operation: Cleanup
Event: 339.958 Executing VM operation: Cleanup done

Events (20 events):
Event: 337.349 loading class jdk/internal/event/ProcessStartEvent
Event: 337.349 loading class jdk/internal/event/Event
Event: 337.349 loading class jdk/internal/event/Event done
Event: 337.349 loading class jdk/internal/event/ProcessStartEvent done
Event: 337.350 Thread 0x000002827c6647c0 Thread added: 0x000002827c6647c0
Event: 337.352 loading class java/util/concurrent/locks/AbstractQueuedSynchronizer$ExclusiveNode
Event: 337.352 loading class java/util/concurrent/locks/AbstractQueuedSynchronizer$ExclusiveNode done
Event: 337.352 Thread 0x0000028277a0eb40 Thread added: 0x0000028277a0eb40
Event: 337.359 loading class java/util/Scanner
Event: 337.360 loading class java/util/Scanner done
Event: 337.362 loading class java/util/Scanner$PatternLRUCache
Event: 337.362 loading class java/util/Scanner$PatternLRUCache done
Event: 337.385 loading class sun/text/resources/cldr/FormatData_en
Event: 337.386 loading class sun/text/resources/cldr/FormatData_en done
Event: 337.386 loading class sun/text/resources/cldr/FormatData_en_US
Event: 337.386 loading class sun/text/resources/cldr/FormatData_en_US done
Event: 338.943 Thread 0x000002827c6647c0 Thread exited: 0x000002827c6647c0
Event: 338.954 loading class java/io/PrintWriter
Event: 338.955 loading class java/io/PrintWriter done
Event: 345.241 loading class java/util/regex/Matcher$ImmutableMatchResult


Dynamic libraries:
0x00007ff7b9a90000 - 0x00007ff7b9a9e000 	C:\Users\pc\AppData\Local\Programs\Eclipse Adoptium\jdk-17.0.7.7-hotspot\bin\java.exe
0x00007ffd68170000 - 0x00007ffd68368000 	C:\WINDOWS\SYSTEM32\ntdll.dll
0x00007ffd67870000 - 0x00007ffd6792d000 	C:\WINDOWS\System32\KERNEL32.DLL
0x00007ffd65370000 - 0x00007ffd65666000 	C:\WINDOWS\System32\KERNELBASE.dll
0x00007ffd651b0000 - 0x00007ffd652b0000 	C:\WINDOWS\System32\ucrtbase.dll
0x00007ffd59f90000 - 0x00007ffd59fa7000 	C:\Users\pc\AppData\Local\Programs\Eclipse Adoptium\jdk-17.0.7.7-hotspot\bin\jli.dll
0x00007ffd59450000 - 0x00007ffd59469000 	C:\Users\pc\AppData\Local\Programs\Eclipse Adoptium\jdk-17.0.7.7-hotspot\bin\VCRUNTIME140.dll
0x00007ffd65ed0000 - 0x00007ffd6606e000 	C:\WINDOWS\System32\USER32.dll
0x00007ffd64eb0000 - 0x00007ffd64ed2000 	C:\WINDOWS\System32\win32u.dll
0x00007ffd67930000 - 0x00007ffd6795c000 	C:\WINDOWS\System32\GDI32.dll
0x00007ffd65700000 - 0x00007ffd6581a000 	C:\WINDOWS\System32\gdi32full.dll
0x00007ffd64fb0000 - 0x00007ffd6504d000 	C:\WINDOWS\System32\msvcp_win.dll
0x00007ffd4b100000 - 0x00007ffd4b39a000 	C:\WINDOWS\WinSxS\amd64_microsoft.windows.common-controls_6595b64144ccf1df_6.0.19041.1110_none_60b5254171f9507e\COMCTL32.dll
0x00007ffd666d0000 - 0x00007ffd6676e000 	C:\WINDOWS\System32\msvcrt.dll
0x00007ffd672c0000 - 0x00007ffd672f0000 	C:\WINDOWS\System32\IMM32.DLL
0x00007ffd5e6a0000 - 0x00007ffd5e6ac000 	C:\Users\pc\AppData\Local\Programs\Eclipse Adoptium\jdk-17.0.7.7-hotspot\bin\vcruntime140_1.dll
0x00007ffd57290000 - 0x00007ffd57321000 	C:\Users\pc\AppData\Local\Programs\Eclipse Adoptium\jdk-17.0.7.7-hotspot\bin\msvcp140.dll
0x00007ffd36e60000 - 0x00007ffd37aa8000 	C:\Users\pc\AppData\Local\Programs\Eclipse Adoptium\jdk-17.0.7.7-hotspot\bin\server\jvm.dll
0x00007ffd67610000 - 0x00007ffd676be000 	C:\WINDOWS\System32\ADVAPI32.dll
0x00007ffd65e10000 - 0x00007ffd65eac000 	C:\WINDOWS\System32\sechost.dll
0x00007ffd68000000 - 0x00007ffd68126000 	C:\WINDOWS\System32\RPCRT4.dll
0x00007ffd57100000 - 0x00007ffd57109000 	C:\WINDOWS\SYSTEM32\WSOCK32.dll
0x00007ffd66f30000 - 0x00007ffd66f9b000 	C:\WINDOWS\System32\WS2_32.dll
0x00007ffd5a040000 - 0x00007ffd5a067000 	C:\WINDOWS\SYSTEM32\WINMM.dll
0x00007ffd62dc0000 - 0x00007ffd62dca000 	C:\WINDOWS\SYSTEM32\VERSION.dll
0x00007ffd63670000 - 0x00007ffd63682000 	C:\WINDOWS\SYSTEM32\kernel.appcore.dll
0x00007ffd5bde0000 - 0x00007ffd5bdea000 	C:\Users\pc\AppData\Local\Programs\Eclipse Adoptium\jdk-17.0.7.7-hotspot\bin\jimage.dll
0x00007ffd5ba40000 - 0x00007ffd5bc24000 	C:\WINDOWS\SYSTEM32\DBGHELP.DLL
0x00007ffd5b9e0000 - 0x00007ffd5ba14000 	C:\WINDOWS\SYSTEM32\dbgcore.DLL
0x00007ffd65670000 - 0x00007ffd656f2000 	C:\WINDOWS\System32\bcryptPrimitives.dll
0x00007ffd587e0000 - 0x00007ffd58805000 	C:\Users\pc\AppData\Local\Programs\Eclipse Adoptium\jdk-17.0.7.7-hotspot\bin\java.dll
0x00007ffd36d80000 - 0x00007ffd36e56000 	C:\Users\pc\AppData\Local\Programs\Eclipse Adoptium\jdk-17.0.7.7-hotspot\bin\jsvml.dll
0x00007ffd66780000 - 0x00007ffd66ec5000 	C:\WINDOWS\System32\SHELL32.dll
0x00007ffd62dd0000 - 0x00007ffd6356b000 	C:\WINDOWS\SYSTEM32\windows.storage.dll
0x00007ffd67ca0000 - 0x00007ffd67ff4000 	C:\WINDOWS\System32\combase.dll
0x00007ffd646f0000 - 0x00007ffd6471e000 	C:\WINDOWS\SYSTEM32\Wldp.dll
0x00007ffd67b20000 - 0x00007ffd67bcd000 	C:\WINDOWS\System32\SHCORE.dll
0x00007ffd66fa0000 - 0x00007ffd66ff5000 	C:\WINDOWS\System32\shlwapi.dll
0x00007ffd64d90000 - 0x00007ffd64db5000 	C:\WINDOWS\SYSTEM32\profapi.dll
0x00007ffd59430000 - 0x00007ffd59449000 	C:\Users\pc\AppData\Local\Programs\Eclipse Adoptium\jdk-17.0.7.7-hotspot\bin\net.dll
0x00007ffd5d780000 - 0x00007ffd5d88a000 	C:\WINDOWS\SYSTEM32\WINHTTP.dll
0x00007ffd644d0000 - 0x00007ffd6453a000 	C:\WINDOWS\system32\mswsock.dll
0x00007ffd57740000 - 0x00007ffd57755000 	C:\Users\pc\AppData\Local\Programs\Eclipse Adoptium\jdk-17.0.7.7-hotspot\bin\nio.dll
0x00007ffd57720000 - 0x00007ffd57738000 	C:\Users\pc\AppData\Local\Programs\Eclipse Adoptium\jdk-17.0.7.7-hotspot\bin\zip.dll
0x00007ffd59f80000 - 0x00007ffd59f90000 	C:\Users\pc\AppData\Local\Programs\Eclipse Adoptium\jdk-17.0.7.7-hotspot\bin\verify.dll
0x00007ffd576f0000 - 0x00007ffd57717000 	C:\Users\pc\.gradle\native\68d5fa5c4cc2d200863cafc0d521ce42e7d3e7ee720ec0a83991735586a16f82\windows-amd64\native-platform.dll
0x00007ffd59ec0000 - 0x00007ffd59ec9000 	C:\Users\pc\AppData\Local\Programs\Eclipse Adoptium\jdk-17.0.7.7-hotspot\bin\management.dll
0x00007ffd595a0000 - 0x00007ffd595ab000 	C:\Users\pc\AppData\Local\Programs\Eclipse Adoptium\jdk-17.0.7.7-hotspot\bin\management_ext.dll
0x00007ffd658b0000 - 0x00007ffd658b8000 	C:\WINDOWS\System32\PSAPI.DLL
0x00007ffd64880000 - 0x00007ffd64898000 	C:\WINDOWS\SYSTEM32\CRYPTSP.dll
0x00007ffd63e10000 - 0x00007ffd63e44000 	C:\WINDOWS\system32\rsaenh.dll
0x00007ffd64f80000 - 0x00007ffd64fa7000 	C:\WINDOWS\System32\bcrypt.dll
0x00007ffd64d10000 - 0x00007ffd64d3e000 	C:\WINDOWS\SYSTEM32\USERENV.dll
0x00007ffd64660000 - 0x00007ffd6466c000 	C:\WINDOWS\SYSTEM32\CRYPTBASE.dll
0x00007ffd641f0000 - 0x00007ffd6422b000 	C:\WINDOWS\SYSTEM32\IPHLPAPI.DLL
0x00007ffd658c0000 - 0x00007ffd658c8000 	C:\WINDOWS\System32\NSI.dll
0x00007ffd5e170000 - 0x00007ffd5e187000 	C:\WINDOWS\SYSTEM32\dhcpcsvc6.DLL
0x00007ffd5e740000 - 0x00007ffd5e75d000 	C:\WINDOWS\SYSTEM32\dhcpcsvc.DLL
0x00007ffd64230000 - 0x00007ffd642fa000 	C:\WINDOWS\SYSTEM32\DNSAPI.dll
0x00007ffd59280000 - 0x00007ffd5928e000 	C:\Users\pc\AppData\Local\Programs\Eclipse Adoptium\jdk-17.0.7.7-hotspot\bin\sunmscapi.dll
0x00007ffd65050000 - 0x00007ffd651ae000 	C:\WINDOWS\System32\CRYPT32.dll
0x00007ffd64760000 - 0x00007ffd64788000 	C:\WINDOWS\SYSTEM32\ncrypt.dll
0x00007ffd64720000 - 0x00007ffd6475b000 	C:\WINDOWS\SYSTEM32\NTASN1.dll
0x00007ffd59090000 - 0x00007ffd59097000 	C:\WINDOWS\system32\wshunix.dll

dbghelp: loaded successfully - version: 4.0.5 - missing functions: none
symbol engine: initialized successfully - sym options: 0x614 - pdb path: .;C:\Users\pc\AppData\Local\Programs\Eclipse Adoptium\jdk-17.0.7.7-hotspot\bin;C:\WINDOWS\SYSTEM32;C:\WINDOWS\WinSxS\amd64_microsoft.windows.common-controls_6595b64144ccf1df_6.0.19041.1110_none_60b5254171f9507e;C:\Users\pc\AppData\Local\Programs\Eclipse Adoptium\jdk-17.0.7.7-hotspot\bin\server;C:\Users\pc\.gradle\native\68d5fa5c4cc2d200863cafc0d521ce42e7d3e7ee720ec0a83991735586a16f82\windows-amd64

VM Arguments:
jvm_args: -Xmx64m -Xms64m -Dorg.gradle.appname=gradlew 
java_command: org.gradle.wrapper.GradleWrapperMain tasks
java_class_path (initial): C:\Users\pc\Desktop\Internship-Wordpress\React Frontend\React-Native-1st\NativeAppMRK\android\\gradle\wrapper\gradle-wrapper.jar
Launcher Type: SUN_STANDARD

[Global flags]
     intx CICompilerCount                          = 2                                         {product} {ergonomic}
     uint ConcGCThreads                            = 1                                         {product} {ergonomic}
     uint G1ConcRefinementThreads                  = 2                                         {product} {ergonomic}
   size_t G1HeapRegionSize                         = 1048576                                   {product} {ergonomic}
    uintx GCDrainStackTargetSize                   = 64                                        {product} {ergonomic}
   size_t InitialHeapSize                          = 67108864                                  {product} {command line}
   size_t MarkStackSize                            = 4194304                                   {product} {ergonomic}
   size_t MaxHeapSize                              = 67108864                                  {product} {command line}
   size_t MaxNewSize                               = 39845888                                  {product} {ergonomic}
   size_t MinHeapDeltaBytes                        = 1048576                                   {product} {ergonomic}
   size_t MinHeapSize                              = 67108864                                  {product} {command line}
    uintx NonNMethodCodeHeapSize                   = 5826188                                {pd product} {ergonomic}
    uintx NonProfiledCodeHeapSize                  = 122916026                              {pd product} {ergonomic}
    uintx ProfiledCodeHeapSize                     = 122916026                              {pd product} {ergonomic}
    uintx ReservedCodeCacheSize                    = 251658240                              {pd product} {ergonomic}
     bool SegmentedCodeCache                       = true                                      {product} {ergonomic}
   size_t SoftMaxHeapSize                          = 67108864                               {manageable} {ergonomic}
     bool UseCompressedClassPointers               = true                           {product lp64_product} {ergonomic}
     bool UseCompressedOops                        = true                           {product lp64_product} {ergonomic}
     bool UseG1GC                                  = true                                      {product} {ergonomic}
     bool UseLargePagesIndividualAllocation        = false                                  {pd product} {ergonomic}

Logging:
Log output configuration:
 #0: stdout all=warning uptime,level,tags
 #1: stderr all=off uptime,level,tags

Environment Variables:
JAVA_HOME=C:\Users\pc\AppData\Local\Programs\Eclipse Adoptium\jdk-17.0.7.7-hotspot\
CLASSPATH=C:\Users\pc\Desktop\Internship-Wordpress\React Frontend\React-Native-1st\NativeAppMRK\android\\gradle\wrapper\gradle-wrapper.jar
PATH=C:\Users\pc\Desktop\Internship-Wordpress\React Frontend\React-Native-1st\NativeAppMRK\node_modules\.bin;C:\Users\pc\Desktop\Internship-Wordpress\React Frontend\React-Native-1st\NativeAppMRK\node_modules\.bin;C:\Users\pc\Desktop\Internship-Wordpress\React Frontend\React-Native-1st\node_modules\.bin;C:\Users\pc\Desktop\Internship-Wordpress\React Frontend\node_modules\.bin;C:\Users\pc\Desktop\Internship-Wordpress\node_modules\.bin;C:\Users\pc\Desktop\node_modules\.bin;C:\Users\pc\node_modules\.bin;C:\Users\node_modules\.bin;C:\node_modules\.bin;C:\Program Files\nodejs\node_modules\npm\node_modules\@npmcli\run-script\lib\node-gyp-bin;C:\Users\pc\Desktop\Internship-Wordpress\React Frontend\React-Native-1st\NativeAppMRK\node_modules\.bin;C:\Users\pc\Desktop\Internship-Wordpress\React Frontend\React-Native-1st\node_modules\.bin;C:\Users\pc\Desktop\Internship-Wordpress\React Frontend\node_modules\.bin;C:\Users\pc\Desktop\Internship-Wordpress\node_modules\.bin;C:\Users\pc\Desktop\node_modules\.bin;C:\Users\pc\node_modules\.bin;C:\Users\node_modules\.bin;C:\node_modules\.bin;C:\Program Files\nodejs\node_modules\npm\node_modules\@npmcli\run-script\lib\node-gyp-bin;C:\Program Files\Microsoft\jdk-11.0.20.8-hotspot\bin;C:\Program Files (x86)\Common Files\Oracle\Java\javapath;C:\WINDOWS\system32;C:\WINDOWS;C:\WINDOWS\System32\Wbem;C:\WINDOWS\System32\WindowsPowerShell\v1.0\;C:\WINDOWS\System32\OpenSSH\;C:\Program Files\PuTTY\;C:\ProgramData\chocolatey\bin;C:\Program Files\php 2.8.0;C:\ProgramData\ComposerSetup\bin;C:\Program Files\Git\cmd;c:\install\nvm;c:\install\nodejs;C:\Program Files\nodejs\;C:\Users\pc\AppData\Local\Android\Sdk\platform-tools;C:\Users\pc\AppData\Local\Android\Sdk;C:\Users\pc\AppData\Local\Programs\Eclipse Adoptium\jdk-17.0.7.7-hotspot\bin;C:\MinGW\bin;C:\Users\pc\AppData\Local\Microsoft\WindowsApps;C:\Users\pc\AppData\Local\Programs\Microsoft VS Code\bin;C:\Users\pc\AppData\Roaming\Composer\vendor\bin;C:\Users\pc\AppData\Local\GitHubDesktop\bin;C:\Program F
USERNAME=pc
OS=Windows_NT
PROCESSOR_IDENTIFIER=Intel64 Family 6 Model 58 Stepping 9, GenuineIntel
TMP=C:\Users\pc\AppData\Local\Temp
TEMP=C:\Users\pc\AppData\Local\Temp



---------------  S Y S T E M  ---------------

OS:
 Windows 10 , 64 bit Build 19041 (10.0.19041.3393)
OS uptime: 2 days 0:57 hours
Hyper-V role detected

CPU: total 2 (initial active 2) (2 cores per cpu, 1 threads per core) family 6 model 58 stepping 9 microcode 0x21, cx8, cmov, fxsr, mmx, sse, sse2, sse3, ssse3, sse4.1, sse4.2, popcnt, tsc, tscinvbit, erms, clmul, clflush, hv

Memory: 4k page, system-wide physical 3986M (242M free)
TotalPageFile size 16274M (AvailPageFile size 427M)
current process WorkingSet (physical memory assigned to process): 45M, peak: 65M
current process commit charge ("private bytes"): 151M, peak: 153M

vm_info: OpenJDK 64-Bit Server VM (17.0.7+7) for windows-amd64 JRE (17.0.7+7), built on Apr 18 2023 22:10:42 by "temurin" with MS VC++ 16.7 (VS2019)

END.
